Detecting CXX compiler ABI info failed to compile with the following output:
Change Dir: /Users/thomaschow/Documents/workspace/scrabble/ios/build/iPhoneSimulator-i386/CMakeFiles/CMakeTmp

Run Build Command:"/usr/local/Cellar/cmake/3.0.2/bin/cmakexbuild" "-project" "CMAKE_TRY_COMPILE.xcodeproj" "build" "-target" "cmTryCompileExec3212721190" "-configuration" "Debug"
=== BUILD TARGET cmTryCompileExec3212721190 OF PROJECT CMAKE_TRY_COMPILE WITH CONFIGURATION Debug ===

Check dependencies
target specifies product type 'com.apple.product-type.tool', but there's no such product type for the 'iphonesimulator' platform

** BUILD FAILED **


The following build commands failed:
	Check dependencies
(1 failure)



Detecting C compiler ABI info failed to compile with the following output:
Change Dir: /Users/thomaschow/Documents/workspace/scrabble/ios/build/iPhoneSimulator-i386/CMakeFiles/CMakeTmp

Run Build Command:"/usr/local/Cellar/cmake/3.0.2/bin/cmakexbuild" "-project" "CMAKE_TRY_COMPILE.xcodeproj" "build" "-target" "cmTryCompileExec1035275529" "-configuration" "Debug"
=== BUILD TARGET cmTryCompileExec1035275529 OF PROJECT CMAKE_TRY_COMPILE WITH CONFIGURATION Debug ===

Check dependencies
target specifies product type 'com.apple.product-type.tool', but there's no such product type for the 'iphonesimulator' platform

** BUILD FAILED **


The following build commands failed:
	Check dependencies
(1 failure)



Determining if the function fseeko exists failed with the following output:
Change Dir: /Users/thomaschow/Documents/workspace/scrabble/ios/build/iPhoneSimulator-i386/CMakeFiles/CMakeTmp

Run Build Command:"/usr/local/Cellar/cmake/3.0.2/bin/cmakexbuild" "-project" "CMAKE_TRY_COMPILE.xcodeproj" "build" "-target" "cmTryCompileExec3144043728" "-configuration" "Release"
=== BUILD TARGET cmTryCompileExec3144043728 OF PROJECT CMAKE_TRY_COMPILE WITH CONFIGURATION Release ===

Check dependencies
target specifies product type 'com.apple.product-type.tool', but there's no such product type for the 'iphonesimulator' platform

** BUILD FAILED **


The following build commands failed:
	Check dependencies
(1 failure)


Determining if the include file unistd.h exists failed with the following output:
Change Dir: /Users/thomaschow/Documents/workspace/scrabble/ios/build/iPhoneSimulator-i386/CMakeFiles/CMakeTmp

Run Build Command:"/usr/local/Cellar/cmake/3.0.2/bin/cmakexbuild" "-project" "CMAKE_TRY_COMPILE.xcodeproj" "build" "-target" "cmTryCompileExec2837117471" "-configuration" "Release"
=== BUILD TARGET cmTryCompileExec2837117471 OF PROJECT CMAKE_TRY_COMPILE WITH CONFIGURATION Release ===

Check dependencies
target specifies product type 'com.apple.product-type.tool', but there's no such product type for the 'iphonesimulator' platform

** BUILD FAILED **


The following build commands failed:
	Check dependencies
(1 failure)


Determining if the include file sys/types.h exists failed with the following output:
Change Dir: /Users/thomaschow/Documents/workspace/scrabble/ios/build/iPhoneSimulator-i386/CMakeFiles/CMakeTmp

Run Build Command:"/usr/local/Cellar/cmake/3.0.2/bin/cmakexbuild" "-project" "CMAKE_TRY_COMPILE.xcodeproj" "build" "-target" "cmTryCompileExec3925271441" "-configuration" "Release"
=== BUILD TARGET cmTryCompileExec3925271441 OF PROJECT CMAKE_TRY_COMPILE WITH CONFIGURATION Release ===

Check dependencies
target specifies product type 'com.apple.product-type.tool', but there's no such product type for the 'iphonesimulator' platform

** BUILD FAILED **


The following build commands failed:
	Check dependencies
(1 failure)


Determining if the include file stdint.h exists failed with the following output:
Change Dir: /Users/thomaschow/Documents/workspace/scrabble/ios/build/iPhoneSimulator-i386/CMakeFiles/CMakeTmp

Run Build Command:"/usr/local/Cellar/cmake/3.0.2/bin/cmakexbuild" "-project" "CMAKE_TRY_COMPILE.xcodeproj" "build" "-target" "cmTryCompileExec3519595927" "-configuration" "Release"
=== BUILD TARGET cmTryCompileExec3519595927 OF PROJECT CMAKE_TRY_COMPILE WITH CONFIGURATION Release ===

Check dependencies
target specifies product type 'com.apple.product-type.tool', but there's no such product type for the 'iphonesimulator' platform

** BUILD FAILED **


The following build commands failed:
	Check dependencies
(1 failure)


Determining if the include file stddef.h exists failed with the following output:
Change Dir: /Users/thomaschow/Documents/workspace/scrabble/ios/build/iPhoneSimulator-i386/CMakeFiles/CMakeTmp

Run Build Command:"/usr/local/Cellar/cmake/3.0.2/bin/cmakexbuild" "-project" "CMAKE_TRY_COMPILE.xcodeproj" "build" "-target" "cmTryCompileExec3455906486" "-configuration" "Release"
=== BUILD TARGET cmTryCompileExec3455906486 OF PROJECT CMAKE_TRY_COMPILE WITH CONFIGURATION Release ===

Check dependencies
target specifies product type 'com.apple.product-type.tool', but there's no such product type for the 'iphonesimulator' platform

** BUILD FAILED **


The following build commands failed:
	Check dependencies
(1 failure)


Determining size of off64_t failed with the following output:
Change Dir: /Users/thomaschow/Documents/workspace/scrabble/ios/build/iPhoneSimulator-i386/CMakeFiles/CMakeTmp

Run Build Command:"/usr/local/Cellar/cmake/3.0.2/bin/cmakexbuild" "-project" "CMAKE_TRY_COMPILE.xcodeproj" "build" "-target" "cmTryCompileExec3653884213" "-configuration" "Release"
=== BUILD TARGET cmTryCompileExec3653884213 OF PROJECT CMAKE_TRY_COMPILE WITH CONFIGURATION Release ===

Check dependencies
target specifies product type 'com.apple.product-type.tool', but there's no such product type for the 'iphonesimulator' platform

** BUILD FAILED **


The following build commands failed:
	Check dependencies
(1 failure)

/Users/thomaschow/Documents/workspace/scrabble/ios/build/iPhoneSimulator-i386/CMakeFiles/CheckTypeSize/OFF64_T.c:


#undef KEY
#if defined(__i386)
# define KEY '_','_','i','3','8','6'
#elif defined(__x86_64)
# define KEY '_','_','x','8','6','_','6','4'
#elif defined(__ppc__)
# define KEY '_','_','p','p','c','_','_'
#elif defined(__ppc64__)
# define KEY '_','_','p','p','c','6','4','_','_'
#endif

#define SIZE (sizeof(off64_t))
char info_size[] =  {'I', 'N', 'F', 'O', ':', 's','i','z','e','[',
  ('0' + ((SIZE / 10000)%10)),
  ('0' + ((SIZE / 1000)%10)),
  ('0' + ((SIZE / 100)%10)),
  ('0' + ((SIZE / 10)%10)),
  ('0' +  (SIZE    % 10)),
  ']',
#ifdef KEY
  ' ','k','e','y','[', KEY, ']',
#endif
  '\0'};

#ifdef __CLASSIC_C__
int main(argc, argv) int argc; char *argv[];
#else
int main(int argc, char *argv[])
#endif
{
  int require = 0;
  require += info_size[argc];
  (void)argv;
  return require;
}


Determining if the include file linux/videodev.h exists failed with the following output:
Change Dir: /Users/thomaschow/Documents/workspace/scrabble/ios/build/iPhoneSimulator-i386/CMakeFiles/CMakeTmp

Run Build Command:"/usr/local/Cellar/cmake/3.0.2/bin/cmakexbuild" "-project" "CMAKE_TRY_COMPILE.xcodeproj" "build" "-target" "cmTryCompileExec1319027016" "-configuration" "Release"
=== BUILD TARGET cmTryCompileExec1319027016 OF PROJECT CMAKE_TRY_COMPILE WITH CONFIGURATION Release ===

Check dependencies
target specifies product type 'com.apple.product-type.tool', but there's no such product type for the 'iphonesimulator' platform

** BUILD FAILED **


The following build commands failed:
	Check dependencies
(1 failure)


Determining if the include file linux/videodev2.h exists failed with the following output:
Change Dir: /Users/thomaschow/Documents/workspace/scrabble/ios/build/iPhoneSimulator-i386/CMakeFiles/CMakeTmp

Run Build Command:"/usr/local/Cellar/cmake/3.0.2/bin/cmakexbuild" "-project" "CMAKE_TRY_COMPILE.xcodeproj" "build" "-target" "cmTryCompileExec2783653362" "-configuration" "Release"
=== BUILD TARGET cmTryCompileExec2783653362 OF PROJECT CMAKE_TRY_COMPILE WITH CONFIGURATION Release ===

Check dependencies
target specifies product type 'com.apple.product-type.tool', but there's no such product type for the 'iphonesimulator' platform

** BUILD FAILED **


The following build commands failed:
	Check dependencies
(1 failure)


Determining if the include file sys/videoio.h exists failed with the following output:
Change Dir: /Users/thomaschow/Documents/workspace/scrabble/ios/build/iPhoneSimulator-i386/CMakeFiles/CMakeTmp

Run Build Command:"/usr/local/Cellar/cmake/3.0.2/bin/cmakexbuild" "-project" "CMAKE_TRY_COMPILE.xcodeproj" "build" "-target" "cmTryCompileExec3193903869" "-configuration" "Release"
=== BUILD TARGET cmTryCompileExec3193903869 OF PROJECT CMAKE_TRY_COMPILE WITH CONFIGURATION Release ===

Check dependencies
target specifies product type 'com.apple.product-type.tool', but there's no such product type for the 'iphonesimulator' platform

** BUILD FAILED **


The following build commands failed:
	Check dependencies
(1 failure)


