Detecting CXX compiler ABI info failed to compile with the following output:
Change Dir: /Users/thomaschow/Documents/workspace/scrabble/ios/build/iPhoneOS-armv7s/CMakeFiles/CMakeTmp

Run Build Command:"/usr/local/Cellar/cmake/3.0.2/bin/cmakexbuild" "-project" "CMAKE_TRY_COMPILE.xcodeproj" "build" "-target" "cmTryCompileExec2403007982" "-configuration" "Debug"
=== BUILD TARGET cmTryCompileExec2403007982 OF PROJECT CMAKE_TRY_COMPILE WITH CONFIGURATION Debug ===

Check dependencies
target specifies product type 'com.apple.product-type.tool', but there's no such product type for the 'iphoneos' platform

** BUILD FAILED **


The following build commands failed:
	Check dependencies
(1 failure)



Detecting C compiler ABI info failed to compile with the following output:
Change Dir: /Users/thomaschow/Documents/workspace/scrabble/ios/build/iPhoneOS-armv7s/CMakeFiles/CMakeTmp

Run Build Command:"/usr/local/Cellar/cmake/3.0.2/bin/cmakexbuild" "-project" "CMAKE_TRY_COMPILE.xcodeproj" "build" "-target" "cmTryCompileExec3187854097" "-configuration" "Debug"
=== BUILD TARGET cmTryCompileExec3187854097 OF PROJECT CMAKE_TRY_COMPILE WITH CONFIGURATION Debug ===

Check dependencies
target specifies product type 'com.apple.product-type.tool', but there's no such product type for the 'iphoneos' platform

** BUILD FAILED **


The following build commands failed:
	Check dependencies
(1 failure)



Determining if the function fseeko exists failed with the following output:
Change Dir: /Users/thomaschow/Documents/workspace/scrabble/ios/build/iPhoneOS-armv7s/CMakeFiles/CMakeTmp

Run Build Command:"/usr/local/Cellar/cmake/3.0.2/bin/cmakexbuild" "-project" "CMAKE_TRY_COMPILE.xcodeproj" "build" "-target" "cmTryCompileExec962431068" "-configuration" "Release"
=== BUILD TARGET cmTryCompileExec962431068 OF PROJECT CMAKE_TRY_COMPILE WITH CONFIGURATION Release ===

Check dependencies
target specifies product type 'com.apple.product-type.tool', but there's no such product type for the 'iphoneos' platform

** BUILD FAILED **


The following build commands failed:
	Check dependencies
(1 failure)


Determining if the include file unistd.h exists failed with the following output:
Change Dir: /Users/thomaschow/Documents/workspace/scrabble/ios/build/iPhoneOS-armv7s/CMakeFiles/CMakeTmp

Run Build Command:"/usr/local/Cellar/cmake/3.0.2/bin/cmakexbuild" "-project" "CMAKE_TRY_COMPILE.xcodeproj" "build" "-target" "cmTryCompileExec1373161095" "-configuration" "Release"
=== BUILD TARGET cmTryCompileExec1373161095 OF PROJECT CMAKE_TRY_COMPILE WITH CONFIGURATION Release ===

Check dependencies
target specifies product type 'com.apple.product-type.tool', but there's no such product type for the 'iphoneos' platform

** BUILD FAILED **


The following build commands failed:
	Check dependencies
(1 failure)


Determining if the include file sys/types.h exists failed with the following output:
Change Dir: /Users/thomaschow/Documents/workspace/scrabble/ios/build/iPhoneOS-armv7s/CMakeFiles/CMakeTmp

Run Build Command:"/usr/local/Cellar/cmake/3.0.2/bin/cmakexbuild" "-project" "CMAKE_TRY_COMPILE.xcodeproj" "build" "-target" "cmTryCompileExec802245032" "-configuration" "Release"
=== BUILD TARGET cmTryCompileExec802245032 OF PROJECT CMAKE_TRY_COMPILE WITH CONFIGURATION Release ===

Check dependencies
target specifies product type 'com.apple.product-type.tool', but there's no such product type for the 'iphoneos' platform

** BUILD FAILED **


The following build commands failed:
	Check dependencies
(1 failure)


Determining if the include file stdint.h exists failed with the following output:
Change Dir: /Users/thomaschow/Documents/workspace/scrabble/ios/build/iPhoneOS-armv7s/CMakeFiles/CMakeTmp

Run Build Command:"/usr/local/Cellar/cmake/3.0.2/bin/cmakexbuild" "-project" "CMAKE_TRY_COMPILE.xcodeproj" "build" "-target" "cmTryCompileExec1176834846" "-configuration" "Release"
=== BUILD TARGET cmTryCompileExec1176834846 OF PROJECT CMAKE_TRY_COMPILE WITH CONFIGURATION Release ===

Check dependencies
target specifies product type 'com.apple.product-type.tool', but there's no such product type for the 'iphoneos' platform

** BUILD FAILED **


The following build commands failed:
	Check dependencies
(1 failure)


Determining if the include file stddef.h exists failed with the following output:
Change Dir: /Users/thomaschow/Documents/workspace/scrabble/ios/build/iPhoneOS-armv7s/CMakeFiles/CMakeTmp

Run Build Command:"/usr/local/Cellar/cmake/3.0.2/bin/cmakexbuild" "-project" "CMAKE_TRY_COMPILE.xcodeproj" "build" "-target" "cmTryCompileExec2124627202" "-configuration" "Release"
=== BUILD TARGET cmTryCompileExec2124627202 OF PROJECT CMAKE_TRY_COMPILE WITH CONFIGURATION Release ===

Check dependencies
target specifies product type 'com.apple.product-type.tool', but there's no such product type for the 'iphoneos' platform

** BUILD FAILED **


The following build commands failed:
	Check dependencies
(1 failure)


Determining size of off64_t failed with the following output:
Change Dir: /Users/thomaschow/Documents/workspace/scrabble/ios/build/iPhoneOS-armv7s/CMakeFiles/CMakeTmp

Run Build Command:"/usr/local/Cellar/cmake/3.0.2/bin/cmakexbuild" "-project" "CMAKE_TRY_COMPILE.xcodeproj" "build" "-target" "cmTryCompileExec1442921813" "-configuration" "Release"
=== BUILD TARGET cmTryCompileExec1442921813 OF PROJECT CMAKE_TRY_COMPILE WITH CONFIGURATION Release ===

Check dependencies
target specifies product type 'com.apple.product-type.tool', but there's no such product type for the 'iphoneos' platform

** BUILD FAILED **


The following build commands failed:
	Check dependencies
(1 failure)

/Users/thomaschow/Documents/workspace/scrabble/ios/build/iPhoneOS-armv7s/CMakeFiles/CheckTypeSize/OFF64_T.c:


#undef KEY
#if defined(__i386)
# define KEY '_','_','i','3','8','6'
#elif defined(__x86_64)
# define KEY '_','_','x','8','6','_','6','4'
#elif defined(__ppc__)
# define KEY '_','_','p','p','c','_','_'
#elif defined(__ppc64__)
# define KEY '_','_','p','p','c','6','4','_','_'
#endif

#define SIZE (sizeof(off64_t))
char info_size[] =  {'I', 'N', 'F', 'O', ':', 's','i','z','e','[',
  ('0' + ((SIZE / 10000)%10)),
  ('0' + ((SIZE / 1000)%10)),
  ('0' + ((SIZE / 100)%10)),
  ('0' + ((SIZE / 10)%10)),
  ('0' +  (SIZE    % 10)),
  ']',
#ifdef KEY
  ' ','k','e','y','[', KEY, ']',
#endif
  '\0'};

#ifdef __CLASSIC_C__
int main(argc, argv) int argc; char *argv[];
#else
int main(int argc, char *argv[])
#endif
{
  int require = 0;
  require += info_size[argc];
  (void)argv;
  return require;
}


Determining if the include file linux/videodev.h exists failed with the following output:
Change Dir: /Users/thomaschow/Documents/workspace/scrabble/ios/build/iPhoneOS-armv7s/CMakeFiles/CMakeTmp

Run Build Command:"/usr/local/Cellar/cmake/3.0.2/bin/cmakexbuild" "-project" "CMAKE_TRY_COMPILE.xcodeproj" "build" "-target" "cmTryCompileExec3625464157" "-configuration" "Release"
=== BUILD TARGET cmTryCompileExec3625464157 OF PROJECT CMAKE_TRY_COMPILE WITH CONFIGURATION Release ===

Check dependencies
target specifies product type 'com.apple.product-type.tool', but there's no such product type for the 'iphoneos' platform

** BUILD FAILED **


The following build commands failed:
	Check dependencies
(1 failure)


Determining if the include file linux/videodev2.h exists failed with the following output:
Change Dir: /Users/thomaschow/Documents/workspace/scrabble/ios/build/iPhoneOS-armv7s/CMakeFiles/CMakeTmp

Run Build Command:"/usr/local/Cellar/cmake/3.0.2/bin/cmakexbuild" "-project" "CMAKE_TRY_COMPILE.xcodeproj" "build" "-target" "cmTryCompileExec3030529565" "-configuration" "Release"
=== BUILD TARGET cmTryCompileExec3030529565 OF PROJECT CMAKE_TRY_COMPILE WITH CONFIGURATION Release ===

Check dependencies
target specifies product type 'com.apple.product-type.tool', but there's no such product type for the 'iphoneos' platform

** BUILD FAILED **


The following build commands failed:
	Check dependencies
(1 failure)


Determining if the include file sys/videoio.h exists failed with the following output:
Change Dir: /Users/thomaschow/Documents/workspace/scrabble/ios/build/iPhoneOS-armv7s/CMakeFiles/CMakeTmp

Run Build Command:"/usr/local/Cellar/cmake/3.0.2/bin/cmakexbuild" "-project" "CMAKE_TRY_COMPILE.xcodeproj" "build" "-target" "cmTryCompileExec3298758360" "-configuration" "Release"
=== BUILD TARGET cmTryCompileExec3298758360 OF PROJECT CMAKE_TRY_COMPILE WITH CONFIGURATION Release ===

Check dependencies
target specifies product type 'com.apple.product-type.tool', but there's no such product type for the 'iphoneos' platform

** BUILD FAILED **


The following build commands failed:
	Check dependencies
(1 failure)


